<?xml version="1.0" encoding="UTF-8"?>
<testsuite name="StringSorterTest" tests="4" skipped="0" failures="0" errors="0" timestamp="2023-02-21T18:13:28" hostname="W6FT4XH4KG" time="0.008">
  <properties/>
  <testcase name="testSortStrings_NullInput" classname="StringSorterTest" time="0.004"/>
  <testcase name="testSortStrings_EmptyInput" classname="StringSorterTest" time="0.0"/>
  <testcase name="testSortStrings_AllSameElement" classname="StringSorterTest" time="0.003"/>
  <testcase name="testSortStrings_Positive" classname="StringSorterTest" time="0.0"/>
  <system-out><![CDATA[]]></system-out>
  <system-err><![CDATA[]]></system-err>
</testsuite>
